The system is: Linux - 5.8.0-59-generic - x86_64
Compiling the C compiler identification source file "CMakeCCompilerId.c" succeeded.
Compiler: /opt/neuromeka/NRMKPlatformPC2/bin/i686-unknown-linux-gnu/bin/i686-unknown-linux-gnu-gcc 
Build flags: 
Id flags:  

The output was:
0


Compilation of the C compiler identification source "CMakeCCompilerId.c" produced "a.out"

The C compiler identification is GNU, found in "/opt/neuromeka/NRMKPlatformPC2/example/workspace/HYU_SPA/build/CMakeFiles/3.16.3/CompilerIdC/a.out"

Compiling the CXX compiler identification source file "CMakeCXXCompilerId.cpp" succeeded.
Compiler: /opt/neuromeka/NRMKPlatformPC2/bin/i686-unknown-linux-gnu/bin/i686-unknown-linux-gnu-g++ 
Build flags: 
Id flags:  

The output was:
0


Compilation of the CXX compiler identification source "CMakeCXXCompilerId.cpp" produced "a.out"

The CXX compiler identification is GNU, found in "/opt/neuromeka/NRMKPlatformPC2/example/workspace/HYU_SPA/build/CMakeFiles/3.16.3/CompilerIdCXX/a.out"

Determining if the C compiler works passed with the following output:
Change Dir: /opt/neuromeka/NRMKPlatformPC2/example/workspace/HYU_SPA/build/CMakeFiles/CMakeTmp

Run Build Command(s):/usr/bin/make cmTC_1c034/fast && /usr/bin/make -f CMakeFiles/cmTC_1c034.dir/build.make CMakeFiles/cmTC_1c034.dir/build
make[1]: Entering directory '/opt/neuromeka/NRMKPlatformPC2/example/workspace/HYU_SPA/build/CMakeFiles/CMakeTmp'
Building C object CMakeFiles/cmTC_1c034.dir/testCCompiler.c.o
/opt/neuromeka/NRMKPlatformPC2/bin/i686-unknown-linux-gnu/bin/i686-unknown-linux-gnu-gcc    -o CMakeFiles/cmTC_1c034.dir/testCCompiler.c.o   -c /opt/neuromeka/NRMKPlatformPC2/example/workspace/HYU_SPA/build/CMakeFiles/CMakeTmp/testCCompiler.c
Linking C executable cmTC_1c034
/usr/bin/cmake -E cmake_link_script CMakeFiles/cmTC_1c034.dir/link.txt --verbose=1
/opt/neuromeka/NRMKPlatformPC2/bin/i686-unknown-linux-gnu/bin/i686-unknown-linux-gnu-gcc      -rdynamic CMakeFiles/cmTC_1c034.dir/testCCompiler.c.o  -o cmTC_1c034 
make[1]: Leaving directory '/opt/neuromeka/NRMKPlatformPC2/example/workspace/HYU_SPA/build/CMakeFiles/CMakeTmp'



Detecting C compiler ABI info compiled with the following output:
Change Dir: /opt/neuromeka/NRMKPlatformPC2/example/workspace/HYU_SPA/build/CMakeFiles/CMakeTmp

Run Build Command(s):/usr/bin/make cmTC_7f5db/fast && /usr/bin/make -f CMakeFiles/cmTC_7f5db.dir/build.make CMakeFiles/cmTC_7f5db.dir/build
make[1]: Entering directory '/opt/neuromeka/NRMKPlatformPC2/example/workspace/HYU_SPA/build/CMakeFiles/CMakeTmp'
Building C object CMakeFiles/cmTC_7f5db.dir/CMakeCCompilerABI.c.o
/opt/neuromeka/NRMKPlatformPC2/bin/i686-unknown-linux-gnu/bin/i686-unknown-linux-gnu-gcc   -v -o CMakeFiles/cmTC_7f5db.dir/CMakeCCompilerABI.c.o   -c /usr/share/cmake-3.16/Modules/CMakeCCompilerABI.c
Using built-in specs.
COLLECT_GCC=/opt/neuromeka/NRMKPlatformPC2/bin/i686-unknown-linux-gnu/bin/i686-unknown-linux-gnu-gcc
Target: i686-unknown-linux-gnu
Configured with: /home/oliver/workspace/build_gcc6.5/.build/i686-unknown-linux-gnu/src/gcc/configure --build=x86_64-build_pc-linux-gnu --host=x86_64-build_pc-linux-gnu --target=i686-unknown-linux-gnu --prefix=/home/oliver/x-tools/i686-unknown-linux-gnu --with-sysroot=/home/oliver/x-tools/i686-unknown-linux-gnu/i686-unknown-linux-gnu/sysroot --enable-languages=c,c++ --with-arch=i686 --with-pkgversion='crosstool-NG 1.23.0.586-0a5107d' --enable-__cxa_atexit --disable-libmudflap --disable-libgomp --disable-libssp --disable-libquadmath --disable-libquadmath-support --disable-libsanitizer --enable-libmpx --with-gmp=/home/oliver/workspace/build_gcc6.5/.build/i686-unknown-linux-gnu/buildtools --with-mpfr=/home/oliver/workspace/build_gcc6.5/.build/i686-unknown-linux-gnu/buildtools --with-mpc=/home/oliver/workspace/build_gcc6.5/.build/i686-unknown-linux-gnu/buildtools --with-isl=/home/oliver/workspace/build_gcc6.5/.build/i686-unknown-linux-gnu/buildtools --enable-lto --with-host-libstdcxx='-static-libgcc -Wl,-Bstatic,-lstdc++,-Bdynamic -lm' --enable-threads=posix --enable-target-optspace --disable-plugin --disable-nls --disable-multilib --with-local-prefix=/home/oliver/x-tools/i686-unknown-linux-gnu/i686-unknown-linux-gnu/sysroot --enable-long-long
Thread model: posix
gcc version 6.5.0 (crosstool-NG 1.23.0.586-0a5107d) 
COLLECT_GCC_OPTIONS='-v' '-o' 'CMakeFiles/cmTC_7f5db.dir/CMakeCCompilerABI.c.o' '-c' '-mtune=generic' '-march=i686'
 /opt/neuromeka/NRMKPlatformPC2/bin/i686-unknown-linux-gnu/bin/../libexec/gcc/i686-unknown-linux-gnu/6.5.0/cc1 -quiet -v -iprefix /opt/neuromeka/NRMKPlatformPC2/bin/i686-unknown-linux-gnu/bin/../lib/gcc/i686-unknown-linux-gnu/6.5.0/ -isysroot /opt/neuromeka/NRMKPlatformPC2/bin/i686-unknown-linux-gnu/bin/../i686-unknown-linux-gnu/sysroot /usr/share/cmake-3.16/Modules/CMakeCCompilerABI.c -quiet -dumpbase CMakeCCompilerABI.c -mtune=generic -march=i686 -auxbase-strip CMakeFiles/cmTC_7f5db.dir/CMakeCCompilerABI.c.o -version -o /tmp/cceGWKRz.s
GNU C11 (crosstool-NG 1.23.0.586-0a5107d) version 6.5.0 (i686-unknown-linux-gnu)
	compiled by GNU C version 5.4.0 20160609, GMP version 6.1.2, MPFR version 4.0.1, MPC version 1.1.0, isl version 0.15
GGC heuristics: --param ggc-min-expand=100 --param ggc-min-heapsize=131072
ignoring duplicate directory "/opt/neuromeka/NRMKPlatformPC2/bin/i686-unknown-linux-gnu/bin/../lib/gcc/../../lib/gcc/i686-unknown-linux-gnu/6.5.0/include"
ignoring nonexistent directory "/opt/neuromeka/NRMKPlatformPC2/bin/i686-unknown-linux-gnu/bin/../i686-unknown-linux-gnu/sysroot/home/oliver/x-tools/i686-unknown-linux-gnu/i686-unknown-linux-gnu/sysroot/include"
ignoring duplicate directory "/opt/neuromeka/NRMKPlatformPC2/bin/i686-unknown-linux-gnu/bin/../lib/gcc/../../lib/gcc/i686-unknown-linux-gnu/6.5.0/include-fixed"
ignoring duplicate directory "/opt/neuromeka/NRMKPlatformPC2/bin/i686-unknown-linux-gnu/bin/../lib/gcc/../../lib/gcc/i686-unknown-linux-gnu/6.5.0/../../../../i686-unknown-linux-gnu/include"
#include "..." search starts here:
#include <...> search starts here:
 /opt/neuromeka/NRMKPlatformPC2/bin/i686-unknown-linux-gnu/bin/../lib/gcc/i686-unknown-linux-gnu/6.5.0/include
 /opt/neuromeka/NRMKPlatformPC2/bin/i686-unknown-linux-gnu/bin/../lib/gcc/i686-unknown-linux-gnu/6.5.0/include-fixed
 /opt/neuromeka/NRMKPlatformPC2/bin/i686-unknown-linux-gnu/bin/../lib/gcc/i686-unknown-linux-gnu/6.5.0/../../../../i686-unknown-linux-gnu/include
 /opt/neuromeka/NRMKPlatformPC2/bin/i686-unknown-linux-gnu/bin/../i686-unknown-linux-gnu/sysroot/usr/include
End of search list.
GNU C11 (crosstool-NG 1.23.0.586-0a5107d) version 6.5.0 (i686-unknown-linux-gnu)
	compiled by GNU C version 5.4.0 20160609, GMP version 6.1.2, MPFR version 4.0.1, MPC version 1.1.0, isl version 0.15
GGC heuristics: --param ggc-min-expand=100 --param ggc-min-heapsize=131072
Compiler executable checksum: b0346c880b28c5889d69c343b5dfd545
COLLECT_GCC_OPTIONS='-v' '-o' 'CMakeFiles/cmTC_7f5db.dir/CMakeCCompilerABI.c.o' '-c' '-mtune=generic' '-march=i686'
 /opt/neuromeka/NRMKPlatformPC2/bin/i686-unknown-linux-gnu/bin/../lib/gcc/i686-unknown-linux-gnu/6.5.0/../../../../i686-unknown-linux-gnu/bin/as -v --32 -o CMakeFiles/cmTC_7f5db.dir/CMakeCCompilerABI.c.o /tmp/cceGWKRz.s
GNU assembler version 2.31.1 (i686-unknown-linux-gnu) using BFD version (crosstool-NG 1.23.0.586-0a5107d) 2.31.1
COMPILER_PATH=/opt/neuromeka/NRMKPlatformPC2/bin/i686-unknown-linux-gnu/bin/../libexec/gcc/i686-unknown-linux-gnu/6.5.0/:/opt/neuromeka/NRMKPlatformPC2/bin/i686-unknown-linux-gnu/bin/../libexec/gcc/:/opt/neuromeka/NRMKPlatformPC2/bin/i686-unknown-linux-gnu/bin/../lib/gcc/i686-unknown-linux-gnu/6.5.0/../../../../i686-unknown-linux-gnu/bin/
LIBRARY_PATH=/opt/neuromeka/NRMKPlatformPC2/bin/i686-unknown-linux-gnu/bin/../lib/gcc/i686-unknown-linux-gnu/6.5.0/:/opt/neuromeka/NRMKPlatformPC2/bin/i686-unknown-linux-gnu/bin/../lib/gcc/:/opt/neuromeka/NRMKPlatformPC2/bin/i686-unknown-linux-gnu/bin/../lib/gcc/i686-unknown-linux-gnu/6.5.0/../../../../i686-unknown-linux-gnu/lib/:/opt/neuromeka/NRMKPlatformPC2/bin/i686-unknown-linux-gnu/bin/../i686-unknown-linux-gnu/sysroot/lib/:/opt/neuromeka/NRMKPlatformPC2/bin/i686-unknown-linux-gnu/bin/../i686-unknown-linux-gnu/sysroot/usr/lib/
COLLECT_GCC_OPTIONS='-v' '-o' 'CMakeFiles/cmTC_7f5db.dir/CMakeCCompilerABI.c.o' '-c' '-mtune=generic' '-march=i686'
Linking C executable cmTC_7f5db
/usr/bin/cmake -E cmake_link_script CMakeFiles/cmTC_7f5db.dir/link.txt --verbose=1
/opt/neuromeka/NRMKPlatformPC2/bin/i686-unknown-linux-gnu/bin/i686-unknown-linux-gnu-gcc     -v -rdynamic CMakeFiles/cmTC_7f5db.dir/CMakeCCompilerABI.c.o  -o cmTC_7f5db 
Using built-in specs.
COLLECT_GCC=/opt/neuromeka/NRMKPlatformPC2/bin/i686-unknown-linux-gnu/bin/i686-unknown-linux-gnu-gcc
COLLECT_LTO_WRAPPER=/opt/neuromeka/NRMKPlatformPC2/bin/i686-unknown-linux-gnu/bin/../libexec/gcc/i686-unknown-linux-gnu/6.5.0/lto-wrapper
Target: i686-unknown-linux-gnu
Configured with: /home/oliver/workspace/build_gcc6.5/.build/i686-unknown-linux-gnu/src/gcc/configure --build=x86_64-build_pc-linux-gnu --host=x86_64-build_pc-linux-gnu --target=i686-unknown-linux-gnu --prefix=/home/oliver/x-tools/i686-unknown-linux-gnu --with-sysroot=/home/oliver/x-tools/i686-unknown-linux-gnu/i686-unknown-linux-gnu/sysroot --enable-languages=c,c++ --with-arch=i686 --with-pkgversion='crosstool-NG 1.23.0.586-0a5107d' --enable-__cxa_atexit --disable-libmudflap --disable-libgomp --disable-libssp --disable-libquadmath --disable-libquadmath-support --disable-libsanitizer --enable-libmpx --with-gmp=/home/oliver/workspace/build_gcc6.5/.build/i686-unknown-linux-gnu/buildtools --with-mpfr=/home/oliver/workspace/build_gcc6.5/.build/i686-unknown-linux-gnu/buildtools --with-mpc=/home/oliver/workspace/build_gcc6.5/.build/i686-unknown-linux-gnu/buildtools --with-isl=/home/oliver/workspace/build_gcc6.5/.build/i686-unknown-linux-gnu/buildtools --enable-lto --with-host-libstdcxx='-static-libgcc -Wl,-Bstatic,-lstdc++,-Bdynamic -lm' --enable-threads=posix --enable-target-optspace --disable-plugin --disable-nls --disable-multilib --with-local-prefix=/home/oliver/x-tools/i686-unknown-linux-gnu/i686-unknown-linux-gnu/sysroot --enable-long-long
Thread model: posix
gcc version 6.5.0 (crosstool-NG 1.23.0.586-0a5107d) 
COMPILER_PATH=/opt/neuromeka/NRMKPlatformPC2/bin/i686-unknown-linux-gnu/bin/../libexec/gcc/i686-unknown-linux-gnu/6.5.0/:/opt/neuromeka/NRMKPlatformPC2/bin/i686-unknown-linux-gnu/bin/../libexec/gcc/:/opt/neuromeka/NRMKPlatformPC2/bin/i686-unknown-linux-gnu/bin/../lib/gcc/i686-unknown-linux-gnu/6.5.0/../../../../i686-unknown-linux-gnu/bin/
LIBRARY_PATH=/opt/neuromeka/NRMKPlatformPC2/bin/i686-unknown-linux-gnu/bin/../lib/gcc/i686-unknown-linux-gnu/6.5.0/:/opt/neuromeka/NRMKPlatformPC2/bin/i686-unknown-linux-gnu/bin/../lib/gcc/:/opt/neuromeka/NRMKPlatformPC2/bin/i686-unknown-linux-gnu/bin/../lib/gcc/i686-unknown-linux-gnu/6.5.0/../../../../i686-unknown-linux-gnu/lib/:/opt/neuromeka/NRMKPlatformPC2/bin/i686-unknown-linux-gnu/bin/../i686-unknown-linux-gnu/sysroot/lib/:/opt/neuromeka/NRMKPlatformPC2/bin/i686-unknown-linux-gnu/bin/../i686-unknown-linux-gnu/sysroot/usr/lib/
COLLECT_GCC_OPTIONS='-v' '-rdynamic' '-o' 'cmTC_7f5db' '-mtune=generic' '-march=i686'
 /opt/neuromeka/NRMKPlatformPC2/bin/i686-unknown-linux-gnu/bin/../libexec/gcc/i686-unknown-linux-gnu/6.5.0/collect2 -plugin /opt/neuromeka/NRMKPlatformPC2/bin/i686-unknown-linux-gnu/bin/../libexec/gcc/i686-unknown-linux-gnu/6.5.0/liblto_plugin.so -plugin-opt=/opt/neuromeka/NRMKPlatformPC2/bin/i686-unknown-linux-gnu/bin/../libexec/gcc/i686-unknown-linux-gnu/6.5.0/lto-wrapper -plugin-opt=-fresolution=/tmp/ccXSwjR0.res -plugin-opt=-pass-through=-lgcc -plugin-opt=-pass-through=-lgcc_s -plugin-opt=-pass-through=-lc -plugin-opt=-pass-through=-lgcc -plugin-opt=-pass-through=-lgcc_s --sysroot=/opt/neuromeka/NRMKPlatformPC2/bin/i686-unknown-linux-gnu/bin/../i686-unknown-linux-gnu/sysroot --eh-frame-hdr -m elf_i386 -export-dynamic -dynamic-linker /lib/ld-linux.so.2 -o cmTC_7f5db /opt/neuromeka/NRMKPlatformPC2/bin/i686-unknown-linux-gnu/bin/../i686-unknown-linux-gnu/sysroot/usr/lib/crt1.o /opt/neuromeka/NRMKPlatformPC2/bin/i686-unknown-linux-gnu/bin/../i686-unknown-linux-gnu/sysroot/usr/lib/crti.o /opt/neuromeka/NRMKPlatformPC2/bin/i686-unknown-linux-gnu/bin/../lib/gcc/i686-unknown-linux-gnu/6.5.0/crtbegin.o -L/opt/neuromeka/NRMKPlatformPC2/bin/i686-unknown-linux-gnu/bin/../lib/gcc/i686-unknown-linux-gnu/6.5.0 -L/opt/neuromeka/NRMKPlatformPC2/bin/i686-unknown-linux-gnu/bin/../lib/gcc -L/opt/neuromeka/NRMKPlatformPC2/bin/i686-unknown-linux-gnu/bin/../lib/gcc/i686-unknown-linux-gnu/6.5.0/../../../../i686-unknown-linux-gnu/lib -L/opt/neuromeka/NRMKPlatformPC2/bin/i686-unknown-linux-gnu/bin/../i686-unknown-linux-gnu/sysroot/lib -L/opt/neuromeka/NRMKPlatformPC2/bin/i686-unknown-linux-gnu/bin/../i686-unknown-linux-gnu/sysroot/usr/lib CMakeFiles/cmTC_7f5db.dir/CMakeCCompilerABI.c.o -lgcc --as-needed -lgcc_s --no-as-needed -lc -lgcc --as-needed -lgcc_s --no-as-needed /opt/neuromeka/NRMKPlatformPC2/bin/i686-unknown-linux-gnu/bin/../lib/gcc/i686-unknown-linux-gnu/6.5.0/crtend.o /opt/neuromeka/NRMKPlatformPC2/bin/i686-unknown-linux-gnu/bin/../i686-unknown-linux-gnu/sysroot/usr/lib/crtn.o
COLLECT_GCC_OPTIONS='-v' '-rdynamic' '-o' 'cmTC_7f5db' '-mtune=generic' '-march=i686'
make[1]: Leaving directory '/opt/neuromeka/NRMKPlatformPC2/example/workspace/HYU_SPA/build/CMakeFiles/CMakeTmp'



Parsed C implicit include dir info from above output: rv=done
  found start of include info
  found start of implicit include info
    add: [/opt/neuromeka/NRMKPlatformPC2/bin/i686-unknown-linux-gnu/bin/../lib/gcc/i686-unknown-linux-gnu/6.5.0/include]
    add: [/opt/neuromeka/NRMKPlatformPC2/bin/i686-unknown-linux-gnu/bin/../lib/gcc/i686-unknown-linux-gnu/6.5.0/include-fixed]
    add: [/opt/neuromeka/NRMKPlatformPC2/bin/i686-unknown-linux-gnu/bin/../lib/gcc/i686-unknown-linux-gnu/6.5.0/../../../../i686-unknown-linux-gnu/include]
    add: [/opt/neuromeka/NRMKPlatformPC2/bin/i686-unknown-linux-gnu/bin/../i686-unknown-linux-gnu/sysroot/usr/include]
  end of search list found
  collapse include dir [/opt/neuromeka/NRMKPlatformPC2/bin/i686-unknown-linux-gnu/bin/../lib/gcc/i686-unknown-linux-gnu/6.5.0/include] ==> [/opt/neuromeka/NRMKPlatformPC2/bin/i686-unknown-linux-gnu/lib/gcc/i686-unknown-linux-gnu/6.5.0/include]
  collapse include dir [/opt/neuromeka/NRMKPlatformPC2/bin/i686-unknown-linux-gnu/bin/../lib/gcc/i686-unknown-linux-gnu/6.5.0/include-fixed] ==> [/opt/neuromeka/NRMKPlatformPC2/bin/i686-unknown-linux-gnu/lib/gcc/i686-unknown-linux-gnu/6.5.0/include-fixed]
  collapse include dir [/opt/neuromeka/NRMKPlatformPC2/bin/i686-unknown-linux-gnu/bin/../lib/gcc/i686-unknown-linux-gnu/6.5.0/../../../../i686-unknown-linux-gnu/include] ==> [/opt/neuromeka/NRMKPlatformPC2/bin/i686-unknown-linux-gnu/i686-unknown-linux-gnu/include]
  collapse include dir [/opt/neuromeka/NRMKPlatformPC2/bin/i686-unknown-linux-gnu/bin/../i686-unknown-linux-gnu/sysroot/usr/include] ==> [/opt/neuromeka/NRMKPlatformPC2/bin/i686-unknown-linux-gnu/i686-unknown-linux-gnu/sysroot/usr/include]
  implicit include dirs: [/opt/neuromeka/NRMKPlatformPC2/bin/i686-unknown-linux-gnu/lib/gcc/i686-unknown-linux-gnu/6.5.0/include;/opt/neuromeka/NRMKPlatformPC2/bin/i686-unknown-linux-gnu/lib/gcc/i686-unknown-linux-gnu/6.5.0/include-fixed;/opt/neuromeka/NRMKPlatformPC2/bin/i686-unknown-linux-gnu/i686-unknown-linux-gnu/include;/opt/neuromeka/NRMKPlatformPC2/bin/i686-unknown-linux-gnu/i686-unknown-linux-gnu/sysroot/usr/include]


Parsed C implicit link information from above output:
  link line regex: [^( *|.*[/\])(ld|CMAKE_LINK_STARTFILE-NOTFOUND|([^/\]+-)?ld|collect2)[^/\]*( |$)]
  ignore line: [Change Dir: /opt/neuromeka/NRMKPlatformPC2/example/workspace/HYU_SPA/build/CMakeFiles/CMakeTmp]
  ignore line: []
  ignore line: [Run Build Command(s):/usr/bin/make cmTC_7f5db/fast && /usr/bin/make -f CMakeFiles/cmTC_7f5db.dir/build.make CMakeFiles/cmTC_7f5db.dir/build]
  ignore line: [make[1]: Entering directory '/opt/neuromeka/NRMKPlatformPC2/example/workspace/HYU_SPA/build/CMakeFiles/CMakeTmp']
  ignore line: [Building C object CMakeFiles/cmTC_7f5db.dir/CMakeCCompilerABI.c.o]
  ignore line: [/opt/neuromeka/NRMKPlatformPC2/bin/i686-unknown-linux-gnu/bin/i686-unknown-linux-gnu-gcc   -v -o CMakeFiles/cmTC_7f5db.dir/CMakeCCompilerABI.c.o   -c /usr/share/cmake-3.16/Modules/CMakeCCompilerABI.c]
  ignore line: [Using built-in specs.]
  ignore line: [COLLECT_GCC=/opt/neuromeka/NRMKPlatformPC2/bin/i686-unknown-linux-gnu/bin/i686-unknown-linux-gnu-gcc]
  ignore line: [Target: i686-unknown-linux-gnu]
  ignore line: [Configured with: /home/oliver/workspace/build_gcc6.5/.build/i686-unknown-linux-gnu/src/gcc/configure --build=x86_64-build_pc-linux-gnu --host=x86_64-build_pc-linux-gnu --target=i686-unknown-linux-gnu --prefix=/home/oliver/x-tools/i686-unknown-linux-gnu --with-sysroot=/home/oliver/x-tools/i686-unknown-linux-gnu/i686-unknown-linux-gnu/sysroot --enable-languages=c c++ --with-arch=i686 --with-pkgversion='crosstool-NG 1.23.0.586-0a5107d' --enable-__cxa_atexit --disable-libmudflap --disable-libgomp --disable-libssp --disable-libquadmath --disable-libquadmath-support --disable-libsanitizer --enable-libmpx --with-gmp=/home/oliver/workspace/build_gcc6.5/.build/i686-unknown-linux-gnu/buildtools --with-mpfr=/home/oliver/workspace/build_gcc6.5/.build/i686-unknown-linux-gnu/buildtools --with-mpc=/home/oliver/workspace/build_gcc6.5/.build/i686-unknown-linux-gnu/buildtools --with-isl=/home/oliver/workspace/build_gcc6.5/.build/i686-unknown-linux-gnu/buildtools --enable-lto --with-host-libstdcxx='-static-libgcc -Wl -Bstatic -lstdc++ -Bdynamic -lm' --enable-threads=posix --enable-target-optspace --disable-plugin --disable-nls --disable-multilib --with-local-prefix=/home/oliver/x-tools/i686-unknown-linux-gnu/i686-unknown-linux-gnu/sysroot --enable-long-long]
  ignore line: [Thread model: posix]
  ignore line: [gcc version 6.5.0 (crosstool-NG 1.23.0.586-0a5107d) ]
  ignore line: [COLLECT_GCC_OPTIONS='-v' '-o' 'CMakeFiles/cmTC_7f5db.dir/CMakeCCompilerABI.c.o' '-c' '-mtune=generic' '-march=i686']
  ignore line: [ /opt/neuromeka/NRMKPlatformPC2/bin/i686-unknown-linux-gnu/bin/../libexec/gcc/i686-unknown-linux-gnu/6.5.0/cc1 -quiet -v -iprefix /opt/neuromeka/NRMKPlatformPC2/bin/i686-unknown-linux-gnu/bin/../lib/gcc/i686-unknown-linux-gnu/6.5.0/ -isysroot /opt/neuromeka/NRMKPlatformPC2/bin/i686-unknown-linux-gnu/bin/../i686-unknown-linux-gnu/sysroot /usr/share/cmake-3.16/Modules/CMakeCCompilerABI.c -quiet -dumpbase CMakeCCompilerABI.c -mtune=generic -march=i686 -auxbase-strip CMakeFiles/cmTC_7f5db.dir/CMakeCCompilerABI.c.o -version -o /tmp/cceGWKRz.s]
  ignore line: [GNU C11 (crosstool-NG 1.23.0.586-0a5107d) version 6.5.0 (i686-unknown-linux-gnu)]
  ignore line: [	compiled by GNU C version 5.4.0 20160609  GMP version 6.1.2  MPFR version 4.0.1  MPC version 1.1.0  isl version 0.15]
  ignore line: [GGC heuristics: --param ggc-min-expand=100 --param ggc-min-heapsize=131072]
  ignore line: [ignoring duplicate directory "/opt/neuromeka/NRMKPlatformPC2/bin/i686-unknown-linux-gnu/bin/../lib/gcc/../../lib/gcc/i686-unknown-linux-gnu/6.5.0/include"]
  ignore line: [ignoring nonexistent directory "/opt/neuromeka/NRMKPlatformPC2/bin/i686-unknown-linux-gnu/bin/../i686-unknown-linux-gnu/sysroot/home/oliver/x-tools/i686-unknown-linux-gnu/i686-unknown-linux-gnu/sysroot/include"]
  ignore line: [ignoring duplicate directory "/opt/neuromeka/NRMKPlatformPC2/bin/i686-unknown-linux-gnu/bin/../lib/gcc/../../lib/gcc/i686-unknown-linux-gnu/6.5.0/include-fixed"]
  ignore line: [ignoring duplicate directory "/opt/neuromeka/NRMKPlatformPC2/bin/i686-unknown-linux-gnu/bin/../lib/gcc/../../lib/gcc/i686-unknown-linux-gnu/6.5.0/../../../../i686-unknown-linux-gnu/include"]
  ignore line: [#include "..." search starts here:]
  ignore line: [#include <...> search starts here:]
  ignore line: [ /opt/neuromeka/NRMKPlatformPC2/bin/i686-unknown-linux-gnu/bin/../lib/gcc/i686-unknown-linux-gnu/6.5.0/include]
  ignore line: [ /opt/neuromeka/NRMKPlatformPC2/bin/i686-unknown-linux-gnu/bin/../lib/gcc/i686-unknown-linux-gnu/6.5.0/include-fixed]
  ignore line: [ /opt/neuromeka/NRMKPlatformPC2/bin/i686-unknown-linux-gnu/bin/../lib/gcc/i686-unknown-linux-gnu/6.5.0/../../../../i686-unknown-linux-gnu/include]
  ignore line: [ /opt/neuromeka/NRMKPlatformPC2/bin/i686-unknown-linux-gnu/bin/../i686-unknown-linux-gnu/sysroot/usr/include]
  ignore line: [End of search list.]
  ignore line: [GNU C11 (crosstool-NG 1.23.0.586-0a5107d) version 6.5.0 (i686-unknown-linux-gnu)]
  ignore line: [	compiled by GNU C version 5.4.0 20160609  GMP version 6.1.2  MPFR version 4.0.1  MPC version 1.1.0  isl version 0.15]
  ignore line: [GGC heuristics: --param ggc-min-expand=100 --param ggc-min-heapsize=131072]
  ignore line: [Compiler executable checksum: b0346c880b28c5889d69c343b5dfd545]
  ignore line: [COLLECT_GCC_OPTIONS='-v' '-o' 'CMakeFiles/cmTC_7f5db.dir/CMakeCCompilerABI.c.o' '-c' '-mtune=generic' '-march=i686']
  ignore line: [ /opt/neuromeka/NRMKPlatformPC2/bin/i686-unknown-linux-gnu/bin/../lib/gcc/i686-unknown-linux-gnu/6.5.0/../../../../i686-unknown-linux-gnu/bin/as -v --32 -o CMakeFiles/cmTC_7f5db.dir/CMakeCCompilerABI.c.o /tmp/cceGWKRz.s]
  ignore line: [GNU assembler version 2.31.1 (i686-unknown-linux-gnu) using BFD version (crosstool-NG 1.23.0.586-0a5107d) 2.31.1]
  ignore line: [COMPILER_PATH=/opt/neuromeka/NRMKPlatformPC2/bin/i686-unknown-linux-gnu/bin/../libexec/gcc/i686-unknown-linux-gnu/6.5.0/:/opt/neuromeka/NRMKPlatformPC2/bin/i686-unknown-linux-gnu/bin/../libexec/gcc/:/opt/neuromeka/NRMKPlatformPC2/bin/i686-unknown-linux-gnu/bin/../lib/gcc/i686-unknown-linux-gnu/6.5.0/../../../../i686-unknown-linux-gnu/bin/]
  ignore line: [LIBRARY_PATH=/opt/neuromeka/NRMKPlatformPC2/bin/i686-unknown-linux-gnu/bin/../lib/gcc/i686-unknown-linux-gnu/6.5.0/:/opt/neuromeka/NRMKPlatformPC2/bin/i686-unknown-linux-gnu/bin/../lib/gcc/:/opt/neuromeka/NRMKPlatformPC2/bin/i686-unknown-linux-gnu/bin/../lib/gcc/i686-unknown-linux-gnu/6.5.0/../../../../i686-unknown-linux-gnu/lib/:/opt/neuromeka/NRMKPlatformPC2/bin/i686-unknown-linux-gnu/bin/../i686-unknown-linux-gnu/sysroot/lib/:/opt/neuromeka/NRMKPlatformPC2/bin/i686-unknown-linux-gnu/bin/../i686-unknown-linux-gnu/sysroot/usr/lib/]
  ignore line: [COLLECT_GCC_OPTIONS='-v' '-o' 'CMakeFiles/cmTC_7f5db.dir/CMakeCCompilerABI.c.o' '-c' '-mtune=generic' '-march=i686']
  ignore line: [Linking C executable cmTC_7f5db]
  ignore line: [/usr/bin/cmake -E cmake_link_script CMakeFiles/cmTC_7f5db.dir/link.txt --verbose=1]
  ignore line: [/opt/neuromeka/NRMKPlatformPC2/bin/i686-unknown-linux-gnu/bin/i686-unknown-linux-gnu-gcc     -v -rdynamic CMakeFiles/cmTC_7f5db.dir/CMakeCCompilerABI.c.o  -o cmTC_7f5db ]
  ignore line: [Using built-in specs.]
  ignore line: [COLLECT_GCC=/opt/neuromeka/NRMKPlatformPC2/bin/i686-unknown-linux-gnu/bin/i686-unknown-linux-gnu-gcc]
  ignore line: [COLLECT_LTO_WRAPPER=/opt/neuromeka/NRMKPlatformPC2/bin/i686-unknown-linux-gnu/bin/../libexec/gcc/i686-unknown-linux-gnu/6.5.0/lto-wrapper]
  ignore line: [Target: i686-unknown-linux-gnu]
  ignore line: [Configured with: /home/oliver/workspace/build_gcc6.5/.build/i686-unknown-linux-gnu/src/gcc/configure --build=x86_64-build_pc-linux-gnu --host=x86_64-build_pc-linux-gnu --target=i686-unknown-linux-gnu --prefix=/home/oliver/x-tools/i686-unknown-linux-gnu --with-sysroot=/home/oliver/x-tools/i686-unknown-linux-gnu/i686-unknown-linux-gnu/sysroot --enable-languages=c c++ --with-arch=i686 --with-pkgversion='crosstool-NG 1.23.0.586-0a5107d' --enable-__cxa_atexit --disable-libmudflap --disable-libgomp --disable-libssp --disable-libquadmath --disable-libquadmath-support --disable-libsanitizer --enable-libmpx --with-gmp=/home/oliver/workspace/build_gcc6.5/.build/i686-unknown-linux-gnu/buildtools --with-mpfr=/home/oliver/workspace/build_gcc6.5/.build/i686-unknown-linux-gnu/buildtools --with-mpc=/home/oliver/workspace/build_gcc6.5/.build/i686-unknown-linux-gnu/buildtools --with-isl=/home/oliver/workspace/build_gcc6.5/.build/i686-unknown-linux-gnu/buildtools --enable-lto --with-host-libstdcxx='-static-libgcc -Wl -Bstatic -lstdc++ -Bdynamic -lm' --enable-threads=posix --enable-target-optspace --disable-plugin --disable-nls --disable-multilib --with-local-prefix=/home/oliver/x-tools/i686-unknown-linux-gnu/i686-unknown-linux-gnu/sysroot --enable-long-long]
  ignore line: [Thread model: posix]
  ignore line: [gcc version 6.5.0 (crosstool-NG 1.23.0.586-0a5107d) ]
  ignore line: [COMPILER_PATH=/opt/neuromeka/NRMKPlatformPC2/bin/i686-unknown-linux-gnu/bin/../libexec/gcc/i686-unknown-linux-gnu/6.5.0/:/opt/neuromeka/NRMKPlatformPC2/bin/i686-unknown-linux-gnu/bin/../libexec/gcc/:/opt/neuromeka/NRMKPlatformPC2/bin/i686-unknown-linux-gnu/bin/../lib/gcc/i686-unknown-linux-gnu/6.5.0/../../../../i686-unknown-linux-gnu/bin/]
  ignore line: [LIBRARY_PATH=/opt/neuromeka/NRMKPlatformPC2/bin/i686-unknown-linux-gnu/bin/../lib/gcc/i686-unknown-linux-gnu/6.5.0/:/opt/neuromeka/NRMKPlatformPC2/bin/i686-unknown-linux-gnu/bin/../lib/gcc/:/opt/neuromeka/NRMKPlatformPC2/bin/i686-unknown-linux-gnu/bin/../lib/gcc/i686-unknown-linux-gnu/6.5.0/../../../../i686-unknown-linux-gnu/lib/:/opt/neuromeka/NRMKPlatformPC2/bin/i686-unknown-linux-gnu/bin/../i686-unknown-linux-gnu/sysroot/lib/:/opt/neuromeka/NRMKPlatformPC2/bin/i686-unknown-linux-gnu/bin/../i686-unknown-linux-gnu/sysroot/usr/lib/]
  ignore line: [COLLECT_GCC_OPTIONS='-v' '-rdynamic' '-o' 'cmTC_7f5db' '-mtune=generic' '-march=i686']
  link line: [ /opt/neuromeka/NRMKPlatformPC2/bin/i686-unknown-linux-gnu/bin/../libexec/gcc/i686-unknown-linux-gnu/6.5.0/collect2 -plugin /opt/neuromeka/NRMKPlatformPC2/bin/i686-unknown-linux-gnu/bin/../libexec/gcc/i686-unknown-linux-gnu/6.5.0/liblto_plugin.so -plugin-opt=/opt/neuromeka/NRMKPlatformPC2/bin/i686-unknown-linux-gnu/bin/../libexec/gcc/i686-unknown-linux-gnu/6.5.0/lto-wrapper -plugin-opt=-fresolution=/tmp/ccXSwjR0.res -plugin-opt=-pass-through=-lgcc -plugin-opt=-pass-through=-lgcc_s -plugin-opt=-pass-through=-lc -plugin-opt=-pass-through=-lgcc -plugin-opt=-pass-through=-lgcc_s --sysroot=/opt/neuromeka/NRMKPlatformPC2/bin/i686-unknown-linux-gnu/bin/../i686-unknown-linux-gnu/sysroot --eh-frame-hdr -m elf_i386 -export-dynamic -dynamic-linker /lib/ld-linux.so.2 -o cmTC_7f5db /opt/neuromeka/NRMKPlatformPC2/bin/i686-unknown-linux-gnu/bin/../i686-unknown-linux-gnu/sysroot/usr/lib/crt1.o /opt/neuromeka/NRMKPlatformPC2/bin/i686-unknown-linux-gnu/bin/../i686-unknown-linux-gnu/sysroot/usr/lib/crti.o /opt/neuromeka/NRMKPlatformPC2/bin/i686-unknown-linux-gnu/bin/../lib/gcc/i686-unknown-linux-gnu/6.5.0/crtbegin.o -L/opt/neuromeka/NRMKPlatformPC2/bin/i686-unknown-linux-gnu/bin/../lib/gcc/i686-unknown-linux-gnu/6.5.0 -L/opt/neuromeka/NRMKPlatformPC2/bin/i686-unknown-linux-gnu/bin/../lib/gcc -L/opt/neuromeka/NRMKPlatformPC2/bin/i686-unknown-linux-gnu/bin/../lib/gcc/i686-unknown-linux-gnu/6.5.0/../../../../i686-unknown-linux-gnu/lib -L/opt/neuromeka/NRMKPlatformPC2/bin/i686-unknown-linux-gnu/bin/../i686-unknown-linux-gnu/sysroot/lib -L/opt/neuromeka/NRMKPlatformPC2/bin/i686-unknown-linux-gnu/bin/../i686-unknown-linux-gnu/sysroot/usr/lib CMakeFiles/cmTC_7f5db.dir/CMakeCCompilerABI.c.o -lgcc --as-needed -lgcc_s --no-as-needed -lc -lgcc --as-needed -lgcc_s --no-as-needed /opt/neuromeka/NRMKPlatformPC2/bin/i686-unknown-linux-gnu/bin/../lib/gcc/i686-unknown-linux-gnu/6.5.0/crtend.o /opt/neuromeka/NRMKPlatformPC2/bin/i686-unknown-linux-gnu/bin/../i686-unknown-linux-gnu/sysroot/usr/lib/crtn.o]
    arg [/opt/neuromeka/NRMKPlatformPC2/bin/i686-unknown-linux-gnu/bin/../libexec/gcc/i686-unknown-linux-gnu/6.5.0/collect2] ==> ignore
    arg [-plugin] ==> ignore
    arg [/opt/neuromeka/NRMKPlatformPC2/bin/i686-unknown-linux-gnu/bin/../libexec/gcc/i686-unknown-linux-gnu/6.5.0/liblto_plugin.so] ==> ignore
    arg [-plugin-opt=/opt/neuromeka/NRMKPlatformPC2/bin/i686-unknown-linux-gnu/bin/../libexec/gcc/i686-unknown-linux-gnu/6.5.0/lto-wrapper] ==> ignore
    arg [-plugin-opt=-fresolution=/tmp/ccXSwjR0.res] ==> ignore
    arg [-plugin-opt=-pass-through=-lgcc] ==> ignore
    arg [-plugin-opt=-pass-through=-lgcc_s] ==> ignore
    arg [-plugin-opt=-pass-through=-lc] ==> ignore
    arg [-plugin-opt=-pass-through=-lgcc] ==> ignore
    arg [-plugin-opt=-pass-through=-lgcc_s] ==> ignore
    arg [--sysroot=/opt/neuromeka/NRMKPlatformPC2/bin/i686-unknown-linux-gnu/bin/../i686-unknown-linux-gnu/sysroot] ==> ignore
    arg [--eh-frame-hdr] ==> ignore
    arg [-m] ==> ignore
    arg [elf_i386] ==> ignore
    arg [-export-dynamic] ==> ignore
    arg [-dynamic-linker] ==> ignore
    arg [/lib/ld-linux.so.2] ==> ignore
    arg [-o] ==> ignore
    arg [cmTC_7f5db] ==> ignore
    arg [/opt/neuromeka/NRMKPlatformPC2/bin/i686-unknown-linux-gnu/bin/../i686-unknown-linux-gnu/sysroot/usr/lib/crt1.o] ==> ignore
    arg [/opt/neuromeka/NRMKPlatformPC2/bin/i686-unknown-linux-gnu/bin/../i686-unknown-linux-gnu/sysroot/usr/lib/crti.o] ==> ignore
    arg [/opt/neuromeka/NRMKPlatformPC2/bin/i686-unknown-linux-gnu/bin/../lib/gcc/i686-unknown-linux-gnu/6.5.0/crtbegin.o] ==> ignore
    arg [-L/opt/neuromeka/NRMKPlatformPC2/bin/i686-unknown-linux-gnu/bin/../lib/gcc/i686-unknown-linux-gnu/6.5.0] ==> dir [/opt/neuromeka/NRMKPlatformPC2/bin/i686-unknown-linux-gnu/bin/../lib/gcc/i686-unknown-linux-gnu/6.5.0]
    arg [-L/opt/neuromeka/NRMKPlatformPC2/bin/i686-unknown-linux-gnu/bin/../lib/gcc] ==> dir [/opt/neuromeka/NRMKPlatformPC2/bin/i686-unknown-linux-gnu/bin/../lib/gcc]
    arg [-L/opt/neuromeka/NRMKPlatformPC2/bin/i686-unknown-linux-gnu/bin/../lib/gcc/i686-unknown-linux-gnu/6.5.0/../../../../i686-unknown-linux-gnu/lib] ==> dir [/opt/neuromeka/NRMKPlatformPC2/bin/i686-unknown-linux-gnu/bin/../lib/gcc/i686-unknown-linux-gnu/6.5.0/../../../../i686-unknown-linux-gnu/lib]
    arg [-L/opt/neuromeka/NRMKPlatformPC2/bin/i686-unknown-linux-gnu/bin/../i686-unknown-linux-gnu/sysroot/lib] ==> dir [/opt/neuromeka/NRMKPlatformPC2/bin/i686-unknown-linux-gnu/bin/../i686-unknown-linux-gnu/sysroot/lib]
    arg [-L/opt/neuromeka/NRMKPlatformPC2/bin/i686-unknown-linux-gnu/bin/../i686-unknown-linux-gnu/sysroot/usr/lib] ==> dir [/opt/neuromeka/NRMKPlatformPC2/bin/i686-unknown-linux-gnu/bin/../i686-unknown-linux-gnu/sysroot/usr/lib]
    arg [CMakeFiles/cmTC_7f5db.dir/CMakeCCompilerABI.c.o] ==> ignore
    arg [-lgcc] ==> lib [gcc]
    arg [--as-needed] ==> ignore
    arg [-lgcc_s] ==> lib [gcc_s]
    arg [--no-as-needed] ==> ignore
    arg [-lc] ==> lib [c]
    arg [-lgcc] ==> lib [gcc]
    arg [--as-needed] ==> ignore
    arg [-lgcc_s] ==> lib [gcc_s]
    arg [--no-as-needed] ==> ignore
    arg [/opt/neuromeka/NRMKPlatformPC2/bin/i686-unknown-linux-gnu/bin/../lib/gcc/i686-unknown-linux-gnu/6.5.0/crtend.o] ==> ignore
    arg [/opt/neuromeka/NRMKPlatformPC2/bin/i686-unknown-linux-gnu/bin/../i686-unknown-linux-gnu/sysroot/usr/lib/crtn.o] ==> ignore
  collapse library dir [/opt/neuromeka/NRMKPlatformPC2/bin/i686-unknown-linux-gnu/bin/../lib/gcc/i686-unknown-linux-gnu/6.5.0] ==> [/opt/neuromeka/NRMKPlatformPC2/bin/i686-unknown-linux-gnu/lib/gcc/i686-unknown-linux-gnu/6.5.0]
  collapse library dir [/opt/neuromeka/NRMKPlatformPC2/bin/i686-unknown-linux-gnu/bin/../lib/gcc] ==> [/opt/neuromeka/NRMKPlatformPC2/bin/i686-unknown-linux-gnu/lib/gcc]
  collapse library dir [/opt/neuromeka/NRMKPlatformPC2/bin/i686-unknown-linux-gnu/bin/../lib/gcc/i686-unknown-linux-gnu/6.5.0/../../../../i686-unknown-linux-gnu/lib] ==> [/opt/neuromeka/NRMKPlatformPC2/bin/i686-unknown-linux-gnu/i686-unknown-linux-gnu/lib]
  collapse library dir [/opt/neuromeka/NRMKPlatformPC2/bin/i686-unknown-linux-gnu/bin/../i686-unknown-linux-gnu/sysroot/lib] ==> [/opt/neuromeka/NRMKPlatformPC2/bin/i686-unknown-linux-gnu/i686-unknown-linux-gnu/sysroot/lib]
  collapse library dir [/opt/neuromeka/NRMKPlatformPC2/bin/i686-unknown-linux-gnu/bin/../i686-unknown-linux-gnu/sysroot/usr/lib] ==> [/opt/neuromeka/NRMKPlatformPC2/bin/i686-unknown-linux-gnu/i686-unknown-linux-gnu/sysroot/usr/lib]
  implicit libs: [gcc;gcc_s;c;gcc;gcc_s]
  implicit dirs: [/opt/neuromeka/NRMKPlatformPC2/bin/i686-unknown-linux-gnu/lib/gcc/i686-unknown-linux-gnu/6.5.0;/opt/neuromeka/NRMKPlatformPC2/bin/i686-unknown-linux-gnu/lib/gcc;/opt/neuromeka/NRMKPlatformPC2/bin/i686-unknown-linux-gnu/i686-unknown-linux-gnu/lib;/opt/neuromeka/NRMKPlatformPC2/bin/i686-unknown-linux-gnu/i686-unknown-linux-gnu/sysroot/lib;/opt/neuromeka/NRMKPlatformPC2/bin/i686-unknown-linux-gnu/i686-unknown-linux-gnu/sysroot/usr/lib]
  implicit fwks: []


Determining if the CXX compiler works passed with the following output:
Change Dir: /opt/neuromeka/NRMKPlatformPC2/example/workspace/HYU_SPA/build/CMakeFiles/CMakeTmp

Run Build Command(s):/usr/bin/make cmTC_3dc5e/fast && /usr/bin/make -f CMakeFiles/cmTC_3dc5e.dir/build.make CMakeFiles/cmTC_3dc5e.dir/build
make[1]: Entering directory '/opt/neuromeka/NRMKPlatformPC2/example/workspace/HYU_SPA/build/CMakeFiles/CMakeTmp'
Building CXX object CMakeFiles/cmTC_3dc5e.dir/testCXXCompiler.cxx.o
/opt/neuromeka/NRMKPlatformPC2/bin/i686-unknown-linux-gnu/bin/i686-unknown-linux-gnu-g++     -o CMakeFiles/cmTC_3dc5e.dir/testCXXCompiler.cxx.o -c /opt/neuromeka/NRMKPlatformPC2/example/workspace/HYU_SPA/build/CMakeFiles/CMakeTmp/testCXXCompiler.cxx
Linking CXX executable cmTC_3dc5e
/usr/bin/cmake -E cmake_link_script CMakeFiles/cmTC_3dc5e.dir/link.txt --verbose=1
/opt/neuromeka/NRMKPlatformPC2/bin/i686-unknown-linux-gnu/bin/i686-unknown-linux-gnu-g++       -rdynamic CMakeFiles/cmTC_3dc5e.dir/testCXXCompiler.cxx.o  -o cmTC_3dc5e 
make[1]: Leaving directory '/opt/neuromeka/NRMKPlatformPC2/example/workspace/HYU_SPA/build/CMakeFiles/CMakeTmp'



Detecting CXX compiler ABI info compiled with the following output:
Change Dir: /opt/neuromeka/NRMKPlatformPC2/example/workspace/HYU_SPA/build/CMakeFiles/CMakeTmp

Run Build Command(s):/usr/bin/make cmTC_15b91/fast && /usr/bin/make -f CMakeFiles/cmTC_15b91.dir/build.make CMakeFiles/cmTC_15b91.dir/build
make[1]: Entering directory '/opt/neuromeka/NRMKPlatformPC2/example/workspace/HYU_SPA/build/CMakeFiles/CMakeTmp'
Building CXX object CMakeFiles/cmTC_15b91.dir/CMakeCXXCompilerABI.cpp.o
/opt/neuromeka/NRMKPlatformPC2/bin/i686-unknown-linux-gnu/bin/i686-unknown-linux-gnu-g++    -v -o CMakeFiles/cmTC_15b91.dir/CMakeCXXCompilerABI.cpp.o -c /usr/share/cmake-3.16/Modules/CMakeCXXCompilerABI.cpp
Using built-in specs.
COLLECT_GCC=/opt/neuromeka/NRMKPlatformPC2/bin/i686-unknown-linux-gnu/bin/i686-unknown-linux-gnu-g++
Target: i686-unknown-linux-gnu
Configured with: /home/oliver/workspace/build_gcc6.5/.build/i686-unknown-linux-gnu/src/gcc/configure --build=x86_64-build_pc-linux-gnu --host=x86_64-build_pc-linux-gnu --target=i686-unknown-linux-gnu --prefix=/home/oliver/x-tools/i686-unknown-linux-gnu --with-sysroot=/home/oliver/x-tools/i686-unknown-linux-gnu/i686-unknown-linux-gnu/sysroot --enable-languages=c,c++ --with-arch=i686 --with-pkgversion='crosstool-NG 1.23.0.586-0a5107d' --enable-__cxa_atexit --disable-libmudflap --disable-libgomp --disable-libssp --disable-libquadmath --disable-libquadmath-support --disable-libsanitizer --enable-libmpx --with-gmp=/home/oliver/workspace/build_gcc6.5/.build/i686-unknown-linux-gnu/buildtools --with-mpfr=/home/oliver/workspace/build_gcc6.5/.build/i686-unknown-linux-gnu/buildtools --with-mpc=/home/oliver/workspace/build_gcc6.5/.build/i686-unknown-linux-gnu/buildtools --with-isl=/home/oliver/workspace/build_gcc6.5/.build/i686-unknown-linux-gnu/buildtools --enable-lto --with-host-libstdcxx='-static-libgcc -Wl,-Bstatic,-lstdc++,-Bdynamic -lm' --enable-threads=posix --enable-target-optspace --disable-plugin --disable-nls --disable-multilib --with-local-prefix=/home/oliver/x-tools/i686-unknown-linux-gnu/i686-unknown-linux-gnu/sysroot --enable-long-long
Thread model: posix
gcc version 6.5.0 (crosstool-NG 1.23.0.586-0a5107d) 
COLLECT_GCC_OPTIONS='-v' '-o' 'CMakeFiles/cmTC_15b91.dir/CMakeCXXCompilerABI.cpp.o' '-c' '-shared-libgcc' '-mtune=generic' '-march=i686'
 /opt/neuromeka/NRMKPlatformPC2/bin/i686-unknown-linux-gnu/bin/../libexec/gcc/i686-unknown-linux-gnu/6.5.0/cc1plus -quiet -v -iprefix /opt/neuromeka/NRMKPlatformPC2/bin/i686-unknown-linux-gnu/bin/../lib/gcc/i686-unknown-linux-gnu/6.5.0/ -isysroot /opt/neuromeka/NRMKPlatformPC2/bin/i686-unknown-linux-gnu/bin/../i686-unknown-linux-gnu/sysroot -D_GNU_SOURCE /usr/share/cmake-3.16/Modules/CMakeCXXCompilerABI.cpp -quiet -dumpbase CMakeCXXCompilerABI.cpp -mtune=generic -march=i686 -auxbase-strip CMakeFiles/cmTC_15b91.dir/CMakeCXXCompilerABI.cpp.o -version -o /tmp/ccvww43t.s
GNU C++14 (crosstool-NG 1.23.0.586-0a5107d) version 6.5.0 (i686-unknown-linux-gnu)
	compiled by GNU C version 5.4.0 20160609, GMP version 6.1.2, MPFR version 4.0.1, MPC version 1.1.0, isl version 0.15
GGC heuristics: --param ggc-min-expand=100 --param ggc-min-heapsize=131072
ignoring duplicate directory "/opt/neuromeka/NRMKPlatformPC2/bin/i686-unknown-linux-gnu/bin/../lib/gcc/../../lib/gcc/i686-unknown-linux-gnu/6.5.0/../../../../i686-unknown-linux-gnu/include/c++/6.5.0"
ignoring duplicate directory "/opt/neuromeka/NRMKPlatformPC2/bin/i686-unknown-linux-gnu/bin/../lib/gcc/../../lib/gcc/i686-unknown-linux-gnu/6.5.0/../../../../i686-unknown-linux-gnu/include/c++/6.5.0/i686-unknown-linux-gnu"
ignoring duplicate directory "/opt/neuromeka/NRMKPlatformPC2/bin/i686-unknown-linux-gnu/bin/../lib/gcc/../../lib/gcc/i686-unknown-linux-gnu/6.5.0/../../../../i686-unknown-linux-gnu/include/c++/6.5.0/backward"
ignoring duplicate directory "/opt/neuromeka/NRMKPlatformPC2/bin/i686-unknown-linux-gnu/bin/../lib/gcc/../../lib/gcc/i686-unknown-linux-gnu/6.5.0/include"
ignoring nonexistent directory "/opt/neuromeka/NRMKPlatformPC2/bin/i686-unknown-linux-gnu/bin/../i686-unknown-linux-gnu/sysroot/home/oliver/x-tools/i686-unknown-linux-gnu/i686-unknown-linux-gnu/sysroot/include"
ignoring duplicate directory "/opt/neuromeka/NRMKPlatformPC2/bin/i686-unknown-linux-gnu/bin/../lib/gcc/../../lib/gcc/i686-unknown-linux-gnu/6.5.0/include-fixed"
ignoring duplicate directory "/opt/neuromeka/NRMKPlatformPC2/bin/i686-unknown-linux-gnu/bin/../lib/gcc/../../lib/gcc/i686-unknown-linux-gnu/6.5.0/../../../../i686-unknown-linux-gnu/include"
#include "..." search starts here:
#include <...> search starts here:
 /opt/neuromeka/NRMKPlatformPC2/bin/i686-unknown-linux-gnu/bin/../lib/gcc/i686-unknown-linux-gnu/6.5.0/../../../../i686-unknown-linux-gnu/include/c++/6.5.0
 /opt/neuromeka/NRMKPlatformPC2/bin/i686-unknown-linux-gnu/bin/../lib/gcc/i686-unknown-linux-gnu/6.5.0/../../../../i686-unknown-linux-gnu/include/c++/6.5.0/i686-unknown-linux-gnu
 /opt/neuromeka/NRMKPlatformPC2/bin/i686-unknown-linux-gnu/bin/../lib/gcc/i686-unknown-linux-gnu/6.5.0/../../../../i686-unknown-linux-gnu/include/c++/6.5.0/backward
 /opt/neuromeka/NRMKPlatformPC2/bin/i686-unknown-linux-gnu/bin/../lib/gcc/i686-unknown-linux-gnu/6.5.0/include
 /opt/neuromeka/NRMKPlatformPC2/bin/i686-unknown-linux-gnu/bin/../lib/gcc/i686-unknown-linux-gnu/6.5.0/include-fixed
 /opt/neuromeka/NRMKPlatformPC2/bin/i686-unknown-linux-gnu/bin/../lib/gcc/i686-unknown-linux-gnu/6.5.0/../../../../i686-unknown-linux-gnu/include
 /opt/neuromeka/NRMKPlatformPC2/bin/i686-unknown-linux-gnu/bin/../i686-unknown-linux-gnu/sysroot/usr/include
End of search list.
GNU C++14 (crosstool-NG 1.23.0.586-0a5107d) version 6.5.0 (i686-unknown-linux-gnu)
	compiled by GNU C version 5.4.0 20160609, GMP version 6.1.2, MPFR version 4.0.1, MPC version 1.1.0, isl version 0.15
GGC heuristics: --param ggc-min-expand=100 --param ggc-min-heapsize=131072
Compiler executable checksum: 92d3f595be179da5a0a5cd5ed54e3eed
COLLECT_GCC_OPTIONS='-v' '-o' 'CMakeFiles/cmTC_15b91.dir/CMakeCXXCompilerABI.cpp.o' '-c' '-shared-libgcc' '-mtune=generic' '-march=i686'
 /opt/neuromeka/NRMKPlatformPC2/bin/i686-unknown-linux-gnu/bin/../lib/gcc/i686-unknown-linux-gnu/6.5.0/../../../../i686-unknown-linux-gnu/bin/as -v --32 -o CMakeFiles/cmTC_15b91.dir/CMakeCXXCompilerABI.cpp.o /tmp/ccvww43t.s
GNU assembler version 2.31.1 (i686-unknown-linux-gnu) using BFD version (crosstool-NG 1.23.0.586-0a5107d) 2.31.1
COMPILER_PATH=/opt/neuromeka/NRMKPlatformPC2/bin/i686-unknown-linux-gnu/bin/../libexec/gcc/i686-unknown-linux-gnu/6.5.0/:/opt/neuromeka/NRMKPlatformPC2/bin/i686-unknown-linux-gnu/bin/../libexec/gcc/:/opt/neuromeka/NRMKPlatformPC2/bin/i686-unknown-linux-gnu/bin/../lib/gcc/i686-unknown-linux-gnu/6.5.0/../../../../i686-unknown-linux-gnu/bin/
LIBRARY_PATH=/opt/neuromeka/NRMKPlatformPC2/bin/i686-unknown-linux-gnu/bin/../lib/gcc/i686-unknown-linux-gnu/6.5.0/:/opt/neuromeka/NRMKPlatformPC2/bin/i686-unknown-linux-gnu/bin/../lib/gcc/:/opt/neuromeka/NRMKPlatformPC2/bin/i686-unknown-linux-gnu/bin/../lib/gcc/i686-unknown-linux-gnu/6.5.0/../../../../i686-unknown-linux-gnu/lib/:/opt/neuromeka/NRMKPlatformPC2/bin/i686-unknown-linux-gnu/bin/../i686-unknown-linux-gnu/sysroot/lib/:/opt/neuromeka/NRMKPlatformPC2/bin/i686-unknown-linux-gnu/bin/../i686-unknown-linux-gnu/sysroot/usr/lib/
COLLECT_GCC_OPTIONS='-v' '-o' 'CMakeFiles/cmTC_15b91.dir/CMakeCXXCompilerABI.cpp.o' '-c' '-shared-libgcc' '-mtune=generic' '-march=i686'
Linking CXX executable cmTC_15b91
/usr/bin/cmake -E cmake_link_script CMakeFiles/cmTC_15b91.dir/link.txt --verbose=1
/opt/neuromeka/NRMKPlatformPC2/bin/i686-unknown-linux-gnu/bin/i686-unknown-linux-gnu-g++      -v -rdynamic CMakeFiles/cmTC_15b91.dir/CMakeCXXCompilerABI.cpp.o  -o cmTC_15b91 
Using built-in specs.
COLLECT_GCC=/opt/neuromeka/NRMKPlatformPC2/bin/i686-unknown-linux-gnu/bin/i686-unknown-linux-gnu-g++
COLLECT_LTO_WRAPPER=/opt/neuromeka/NRMKPlatformPC2/bin/i686-unknown-linux-gnu/bin/../libexec/gcc/i686-unknown-linux-gnu/6.5.0/lto-wrapper
Target: i686-unknown-linux-gnu
Configured with: /home/oliver/workspace/build_gcc6.5/.build/i686-unknown-linux-gnu/src/gcc/configure --build=x86_64-build_pc-linux-gnu --host=x86_64-build_pc-linux-gnu --target=i686-unknown-linux-gnu --prefix=/home/oliver/x-tools/i686-unknown-linux-gnu --with-sysroot=/home/oliver/x-tools/i686-unknown-linux-gnu/i686-unknown-linux-gnu/sysroot --enable-languages=c,c++ --with-arch=i686 --with-pkgversion='crosstool-NG 1.23.0.586-0a5107d' --enable-__cxa_atexit --disable-libmudflap --disable-libgomp --disable-libssp --disable-libquadmath --disable-libquadmath-support --disable-libsanitizer --enable-libmpx --with-gmp=/home/oliver/workspace/build_gcc6.5/.build/i686-unknown-linux-gnu/buildtools --with-mpfr=/home/oliver/workspace/build_gcc6.5/.build/i686-unknown-linux-gnu/buildtools --with-mpc=/home/oliver/workspace/build_gcc6.5/.build/i686-unknown-linux-gnu/buildtools --with-isl=/home/oliver/workspace/build_gcc6.5/.build/i686-unknown-linux-gnu/buildtools --enable-lto --with-host-libstdcxx='-static-libgcc -Wl,-Bstatic,-lstdc++,-Bdynamic -lm' --enable-threads=posix --enable-target-optspace --disable-plugin --disable-nls --disable-multilib --with-local-prefix=/home/oliver/x-tools/i686-unknown-linux-gnu/i686-unknown-linux-gnu/sysroot --enable-long-long
Thread model: posix
gcc version 6.5.0 (crosstool-NG 1.23.0.586-0a5107d) 
COMPILER_PATH=/opt/neuromeka/NRMKPlatformPC2/bin/i686-unknown-linux-gnu/bin/../libexec/gcc/i686-unknown-linux-gnu/6.5.0/:/opt/neuromeka/NRMKPlatformPC2/bin/i686-unknown-linux-gnu/bin/../libexec/gcc/:/opt/neuromeka/NRMKPlatformPC2/bin/i686-unknown-linux-gnu/bin/../lib/gcc/i686-unknown-linux-gnu/6.5.0/../../../../i686-unknown-linux-gnu/bin/
LIBRARY_PATH=/opt/neuromeka/NRMKPlatformPC2/bin/i686-unknown-linux-gnu/bin/../lib/gcc/i686-unknown-linux-gnu/6.5.0/:/opt/neuromeka/NRMKPlatformPC2/bin/i686-unknown-linux-gnu/bin/../lib/gcc/:/opt/neuromeka/NRMKPlatformPC2/bin/i686-unknown-linux-gnu/bin/../lib/gcc/i686-unknown-linux-gnu/6.5.0/../../../../i686-unknown-linux-gnu/lib/:/opt/neuromeka/NRMKPlatformPC2/bin/i686-unknown-linux-gnu/bin/../i686-unknown-linux-gnu/sysroot/lib/:/opt/neuromeka/NRMKPlatformPC2/bin/i686-unknown-linux-gnu/bin/../i686-unknown-linux-gnu/sysroot/usr/lib/
COLLECT_GCC_OPTIONS='-v' '-rdynamic' '-o' 'cmTC_15b91' '-shared-libgcc' '-mtune=generic' '-march=i686'
 /opt/neuromeka/NRMKPlatformPC2/bin/i686-unknown-linux-gnu/bin/../libexec/gcc/i686-unknown-linux-gnu/6.5.0/collect2 -plugin /opt/neuromeka/NRMKPlatformPC2/bin/i686-unknown-linux-gnu/bin/../libexec/gcc/i686-unknown-linux-gnu/6.5.0/liblto_plugin.so -plugin-opt=/opt/neuromeka/NRMKPlatformPC2/bin/i686-unknown-linux-gnu/bin/../libexec/gcc/i686-unknown-linux-gnu/6.5.0/lto-wrapper -plugin-opt=-fresolution=/tmp/ccFTMxKX.res -plugin-opt=-pass-through=-lgcc_s -plugin-opt=-pass-through=-lgcc -plugin-opt=-pass-through=-lc -plugin-opt=-pass-through=-lgcc_s -plugin-opt=-pass-through=-lgcc --sysroot=/opt/neuromeka/NRMKPlatformPC2/bin/i686-unknown-linux-gnu/bin/../i686-unknown-linux-gnu/sysroot --eh-frame-hdr -m elf_i386 -export-dynamic -dynamic-linker /lib/ld-linux.so.2 -o cmTC_15b91 /opt/neuromeka/NRMKPlatformPC2/bin/i686-unknown-linux-gnu/bin/../i686-unknown-linux-gnu/sysroot/usr/lib/crt1.o /opt/neuromeka/NRMKPlatformPC2/bin/i686-unknown-linux-gnu/bin/../i686-unknown-linux-gnu/sysroot/usr/lib/crti.o /opt/neuromeka/NRMKPlatformPC2/bin/i686-unknown-linux-gnu/bin/../lib/gcc/i686-unknown-linux-gnu/6.5.0/crtbegin.o -L/opt/neuromeka/NRMKPlatformPC2/bin/i686-unknown-linux-gnu/bin/../lib/gcc/i686-unknown-linux-gnu/6.5.0 -L/opt/neuromeka/NRMKPlatformPC2/bin/i686-unknown-linux-gnu/bin/../lib/gcc -L/opt/neuromeka/NRMKPlatformPC2/bin/i686-unknown-linux-gnu/bin/../lib/gcc/i686-unknown-linux-gnu/6.5.0/../../../../i686-unknown-linux-gnu/lib -L/opt/neuromeka/NRMKPlatformPC2/bin/i686-unknown-linux-gnu/bin/../i686-unknown-linux-gnu/sysroot/lib -L/opt/neuromeka/NRMKPlatformPC2/bin/i686-unknown-linux-gnu/bin/../i686-unknown-linux-gnu/sysroot/usr/lib CMakeFiles/cmTC_15b91.dir/CMakeCXXCompilerABI.cpp.o -lstdc++ -lm -lgcc_s -lgcc -lc -lgcc_s -lgcc /opt/neuromeka/NRMKPlatformPC2/bin/i686-unknown-linux-gnu/bin/../lib/gcc/i686-unknown-linux-gnu/6.5.0/crtend.o /opt/neuromeka/NRMKPlatformPC2/bin/i686-unknown-linux-gnu/bin/../i686-unknown-linux-gnu/sysroot/usr/lib/crtn.o
COLLECT_GCC_OPTIONS='-v' '-rdynamic' '-o' 'cmTC_15b91' '-shared-libgcc' '-mtune=generic' '-march=i686'
make[1]: Leaving directory '/opt/neuromeka/NRMKPlatformPC2/example/workspace/HYU_SPA/build/CMakeFiles/CMakeTmp'



Parsed CXX implicit include dir info from above output: rv=done
  found start of include info
  found start of implicit include info
    add: [/opt/neuromeka/NRMKPlatformPC2/bin/i686-unknown-linux-gnu/bin/../lib/gcc/i686-unknown-linux-gnu/6.5.0/../../../../i686-unknown-linux-gnu/include/c++/6.5.0]
    add: [/opt/neuromeka/NRMKPlatformPC2/bin/i686-unknown-linux-gnu/bin/../lib/gcc/i686-unknown-linux-gnu/6.5.0/../../../../i686-unknown-linux-gnu/include/c++/6.5.0/i686-unknown-linux-gnu]
    add: [/opt/neuromeka/NRMKPlatformPC2/bin/i686-unknown-linux-gnu/bin/../lib/gcc/i686-unknown-linux-gnu/6.5.0/../../../../i686-unknown-linux-gnu/include/c++/6.5.0/backward]
    add: [/opt/neuromeka/NRMKPlatformPC2/bin/i686-unknown-linux-gnu/bin/../lib/gcc/i686-unknown-linux-gnu/6.5.0/include]
    add: [/opt/neuromeka/NRMKPlatformPC2/bin/i686-unknown-linux-gnu/bin/../lib/gcc/i686-unknown-linux-gnu/6.5.0/include-fixed]
    add: [/opt/neuromeka/NRMKPlatformPC2/bin/i686-unknown-linux-gnu/bin/../lib/gcc/i686-unknown-linux-gnu/6.5.0/../../../../i686-unknown-linux-gnu/include]
    add: [/opt/neuromeka/NRMKPlatformPC2/bin/i686-unknown-linux-gnu/bin/../i686-unknown-linux-gnu/sysroot/usr/include]
  end of search list found
  collapse include dir [/opt/neuromeka/NRMKPlatformPC2/bin/i686-unknown-linux-gnu/bin/../lib/gcc/i686-unknown-linux-gnu/6.5.0/../../../../i686-unknown-linux-gnu/include/c++/6.5.0] ==> [/opt/neuromeka/NRMKPlatformPC2/bin/i686-unknown-linux-gnu/i686-unknown-linux-gnu/include/c++/6.5.0]
  collapse include dir [/opt/neuromeka/NRMKPlatformPC2/bin/i686-unknown-linux-gnu/bin/../lib/gcc/i686-unknown-linux-gnu/6.5.0/../../../../i686-unknown-linux-gnu/include/c++/6.5.0/i686-unknown-linux-gnu] ==> [/opt/neuromeka/NRMKPlatformPC2/bin/i686-unknown-linux-gnu/i686-unknown-linux-gnu/include/c++/6.5.0/i686-unknown-linux-gnu]
  collapse include dir [/opt/neuromeka/NRMKPlatformPC2/bin/i686-unknown-linux-gnu/bin/../lib/gcc/i686-unknown-linux-gnu/6.5.0/../../../../i686-unknown-linux-gnu/include/c++/6.5.0/backward] ==> [/opt/neuromeka/NRMKPlatformPC2/bin/i686-unknown-linux-gnu/i686-unknown-linux-gnu/include/c++/6.5.0/backward]
  collapse include dir [/opt/neuromeka/NRMKPlatformPC2/bin/i686-unknown-linux-gnu/bin/../lib/gcc/i686-unknown-linux-gnu/6.5.0/include] ==> [/opt/neuromeka/NRMKPlatformPC2/bin/i686-unknown-linux-gnu/lib/gcc/i686-unknown-linux-gnu/6.5.0/include]
  collapse include dir [/opt/neuromeka/NRMKPlatformPC2/bin/i686-unknown-linux-gnu/bin/../lib/gcc/i686-unknown-linux-gnu/6.5.0/include-fixed] ==> [/opt/neuromeka/NRMKPlatformPC2/bin/i686-unknown-linux-gnu/lib/gcc/i686-unknown-linux-gnu/6.5.0/include-fixed]
  collapse include dir [/opt/neuromeka/NRMKPlatformPC2/bin/i686-unknown-linux-gnu/bin/../lib/gcc/i686-unknown-linux-gnu/6.5.0/../../../../i686-unknown-linux-gnu/include] ==> [/opt/neuromeka/NRMKPlatformPC2/bin/i686-unknown-linux-gnu/i686-unknown-linux-gnu/include]
  collapse include dir [/opt/neuromeka/NRMKPlatformPC2/bin/i686-unknown-linux-gnu/bin/../i686-unknown-linux-gnu/sysroot/usr/include] ==> [/opt/neuromeka/NRMKPlatformPC2/bin/i686-unknown-linux-gnu/i686-unknown-linux-gnu/sysroot/usr/include]
  implicit include dirs: [/opt/neuromeka/NRMKPlatformPC2/bin/i686-unknown-linux-gnu/i686-unknown-linux-gnu/include/c++/6.5.0;/opt/neuromeka/NRMKPlatformPC2/bin/i686-unknown-linux-gnu/i686-unknown-linux-gnu/include/c++/6.5.0/i686-unknown-linux-gnu;/opt/neuromeka/NRMKPlatformPC2/bin/i686-unknown-linux-gnu/i686-unknown-linux-gnu/include/c++/6.5.0/backward;/opt/neuromeka/NRMKPlatformPC2/bin/i686-unknown-linux-gnu/lib/gcc/i686-unknown-linux-gnu/6.5.0/include;/opt/neuromeka/NRMKPlatformPC2/bin/i686-unknown-linux-gnu/lib/gcc/i686-unknown-linux-gnu/6.5.0/include-fixed;/opt/neuromeka/NRMKPlatformPC2/bin/i686-unknown-linux-gnu/i686-unknown-linux-gnu/include;/opt/neuromeka/NRMKPlatformPC2/bin/i686-unknown-linux-gnu/i686-unknown-linux-gnu/sysroot/usr/include]


Parsed CXX implicit link information from above output:
  link line regex: [^( *|.*[/\])(ld|CMAKE_LINK_STARTFILE-NOTFOUND|([^/\]+-)?ld|collect2)[^/\]*( |$)]
  ignore line: [Change Dir: /opt/neuromeka/NRMKPlatformPC2/example/workspace/HYU_SPA/build/CMakeFiles/CMakeTmp]
  ignore line: []
  ignore line: [Run Build Command(s):/usr/bin/make cmTC_15b91/fast && /usr/bin/make -f CMakeFiles/cmTC_15b91.dir/build.make CMakeFiles/cmTC_15b91.dir/build]
  ignore line: [make[1]: Entering directory '/opt/neuromeka/NRMKPlatformPC2/example/workspace/HYU_SPA/build/CMakeFiles/CMakeTmp']
  ignore line: [Building CXX object CMakeFiles/cmTC_15b91.dir/CMakeCXXCompilerABI.cpp.o]
  ignore line: [/opt/neuromeka/NRMKPlatformPC2/bin/i686-unknown-linux-gnu/bin/i686-unknown-linux-gnu-g++    -v -o CMakeFiles/cmTC_15b91.dir/CMakeCXXCompilerABI.cpp.o -c /usr/share/cmake-3.16/Modules/CMakeCXXCompilerABI.cpp]
  ignore line: [Using built-in specs.]
  ignore line: [COLLECT_GCC=/opt/neuromeka/NRMKPlatformPC2/bin/i686-unknown-linux-gnu/bin/i686-unknown-linux-gnu-g++]
  ignore line: [Target: i686-unknown-linux-gnu]
  ignore line: [Configured with: /home/oliver/workspace/build_gcc6.5/.build/i686-unknown-linux-gnu/src/gcc/configure --build=x86_64-build_pc-linux-gnu --host=x86_64-build_pc-linux-gnu --target=i686-unknown-linux-gnu --prefix=/home/oliver/x-tools/i686-unknown-linux-gnu --with-sysroot=/home/oliver/x-tools/i686-unknown-linux-gnu/i686-unknown-linux-gnu/sysroot --enable-languages=c c++ --with-arch=i686 --with-pkgversion='crosstool-NG 1.23.0.586-0a5107d' --enable-__cxa_atexit --disable-libmudflap --disable-libgomp --disable-libssp --disable-libquadmath --disable-libquadmath-support --disable-libsanitizer --enable-libmpx --with-gmp=/home/oliver/workspace/build_gcc6.5/.build/i686-unknown-linux-gnu/buildtools --with-mpfr=/home/oliver/workspace/build_gcc6.5/.build/i686-unknown-linux-gnu/buildtools --with-mpc=/home/oliver/workspace/build_gcc6.5/.build/i686-unknown-linux-gnu/buildtools --with-isl=/home/oliver/workspace/build_gcc6.5/.build/i686-unknown-linux-gnu/buildtools --enable-lto --with-host-libstdcxx='-static-libgcc -Wl -Bstatic -lstdc++ -Bdynamic -lm' --enable-threads=posix --enable-target-optspace --disable-plugin --disable-nls --disable-multilib --with-local-prefix=/home/oliver/x-tools/i686-unknown-linux-gnu/i686-unknown-linux-gnu/sysroot --enable-long-long]
  ignore line: [Thread model: posix]
  ignore line: [gcc version 6.5.0 (crosstool-NG 1.23.0.586-0a5107d) ]
  ignore line: [COLLECT_GCC_OPTIONS='-v' '-o' 'CMakeFiles/cmTC_15b91.dir/CMakeCXXCompilerABI.cpp.o' '-c' '-shared-libgcc' '-mtune=generic' '-march=i686']
  ignore line: [ /opt/neuromeka/NRMKPlatformPC2/bin/i686-unknown-linux-gnu/bin/../libexec/gcc/i686-unknown-linux-gnu/6.5.0/cc1plus -quiet -v -iprefix /opt/neuromeka/NRMKPlatformPC2/bin/i686-unknown-linux-gnu/bin/../lib/gcc/i686-unknown-linux-gnu/6.5.0/ -isysroot /opt/neuromeka/NRMKPlatformPC2/bin/i686-unknown-linux-gnu/bin/../i686-unknown-linux-gnu/sysroot -D_GNU_SOURCE /usr/share/cmake-3.16/Modules/CMakeCXXCompilerABI.cpp -quiet -dumpbase CMakeCXXCompilerABI.cpp -mtune=generic -march=i686 -auxbase-strip CMakeFiles/cmTC_15b91.dir/CMakeCXXCompilerABI.cpp.o -version -o /tmp/ccvww43t.s]
  ignore line: [GNU C++14 (crosstool-NG 1.23.0.586-0a5107d) version 6.5.0 (i686-unknown-linux-gnu)]
  ignore line: [	compiled by GNU C version 5.4.0 20160609  GMP version 6.1.2  MPFR version 4.0.1  MPC version 1.1.0  isl version 0.15]
  ignore line: [GGC heuristics: --param ggc-min-expand=100 --param ggc-min-heapsize=131072]
  ignore line: [ignoring duplicate directory "/opt/neuromeka/NRMKPlatformPC2/bin/i686-unknown-linux-gnu/bin/../lib/gcc/../../lib/gcc/i686-unknown-linux-gnu/6.5.0/../../../../i686-unknown-linux-gnu/include/c++/6.5.0"]
  ignore line: [ignoring duplicate directory "/opt/neuromeka/NRMKPlatformPC2/bin/i686-unknown-linux-gnu/bin/../lib/gcc/../../lib/gcc/i686-unknown-linux-gnu/6.5.0/../../../../i686-unknown-linux-gnu/include/c++/6.5.0/i686-unknown-linux-gnu"]
  ignore line: [ignoring duplicate directory "/opt/neuromeka/NRMKPlatformPC2/bin/i686-unknown-linux-gnu/bin/../lib/gcc/../../lib/gcc/i686-unknown-linux-gnu/6.5.0/../../../../i686-unknown-linux-gnu/include/c++/6.5.0/backward"]
  ignore line: [ignoring duplicate directory "/opt/neuromeka/NRMKPlatformPC2/bin/i686-unknown-linux-gnu/bin/../lib/gcc/../../lib/gcc/i686-unknown-linux-gnu/6.5.0/include"]
  ignore line: [ignoring nonexistent directory "/opt/neuromeka/NRMKPlatformPC2/bin/i686-unknown-linux-gnu/bin/../i686-unknown-linux-gnu/sysroot/home/oliver/x-tools/i686-unknown-linux-gnu/i686-unknown-linux-gnu/sysroot/include"]
  ignore line: [ignoring duplicate directory "/opt/neuromeka/NRMKPlatformPC2/bin/i686-unknown-linux-gnu/bin/../lib/gcc/../../lib/gcc/i686-unknown-linux-gnu/6.5.0/include-fixed"]
  ignore line: [ignoring duplicate directory "/opt/neuromeka/NRMKPlatformPC2/bin/i686-unknown-linux-gnu/bin/../lib/gcc/../../lib/gcc/i686-unknown-linux-gnu/6.5.0/../../../../i686-unknown-linux-gnu/include"]
  ignore line: [#include "..." search starts here:]
  ignore line: [#include <...> search starts here:]
  ignore line: [ /opt/neuromeka/NRMKPlatformPC2/bin/i686-unknown-linux-gnu/bin/../lib/gcc/i686-unknown-linux-gnu/6.5.0/../../../../i686-unknown-linux-gnu/include/c++/6.5.0]
  ignore line: [ /opt/neuromeka/NRMKPlatformPC2/bin/i686-unknown-linux-gnu/bin/../lib/gcc/i686-unknown-linux-gnu/6.5.0/../../../../i686-unknown-linux-gnu/include/c++/6.5.0/i686-unknown-linux-gnu]
  ignore line: [ /opt/neuromeka/NRMKPlatformPC2/bin/i686-unknown-linux-gnu/bin/../lib/gcc/i686-unknown-linux-gnu/6.5.0/../../../../i686-unknown-linux-gnu/include/c++/6.5.0/backward]
  ignore line: [ /opt/neuromeka/NRMKPlatformPC2/bin/i686-unknown-linux-gnu/bin/../lib/gcc/i686-unknown-linux-gnu/6.5.0/include]
  ignore line: [ /opt/neuromeka/NRMKPlatformPC2/bin/i686-unknown-linux-gnu/bin/../lib/gcc/i686-unknown-linux-gnu/6.5.0/include-fixed]
  ignore line: [ /opt/neuromeka/NRMKPlatformPC2/bin/i686-unknown-linux-gnu/bin/../lib/gcc/i686-unknown-linux-gnu/6.5.0/../../../../i686-unknown-linux-gnu/include]
  ignore line: [ /opt/neuromeka/NRMKPlatformPC2/bin/i686-unknown-linux-gnu/bin/../i686-unknown-linux-gnu/sysroot/usr/include]
  ignore line: [End of search list.]
  ignore line: [GNU C++14 (crosstool-NG 1.23.0.586-0a5107d) version 6.5.0 (i686-unknown-linux-gnu)]
  ignore line: [	compiled by GNU C version 5.4.0 20160609  GMP version 6.1.2  MPFR version 4.0.1  MPC version 1.1.0  isl version 0.15]
  ignore line: [GGC heuristics: --param ggc-min-expand=100 --param ggc-min-heapsize=131072]
  ignore line: [Compiler executable checksum: 92d3f595be179da5a0a5cd5ed54e3eed]
  ignore line: [COLLECT_GCC_OPTIONS='-v' '-o' 'CMakeFiles/cmTC_15b91.dir/CMakeCXXCompilerABI.cpp.o' '-c' '-shared-libgcc' '-mtune=generic' '-march=i686']
  ignore line: [ /opt/neuromeka/NRMKPlatformPC2/bin/i686-unknown-linux-gnu/bin/../lib/gcc/i686-unknown-linux-gnu/6.5.0/../../../../i686-unknown-linux-gnu/bin/as -v --32 -o CMakeFiles/cmTC_15b91.dir/CMakeCXXCompilerABI.cpp.o /tmp/ccvww43t.s]
  ignore line: [GNU assembler version 2.31.1 (i686-unknown-linux-gnu) using BFD version (crosstool-NG 1.23.0.586-0a5107d) 2.31.1]
  ignore line: [COMPILER_PATH=/opt/neuromeka/NRMKPlatformPC2/bin/i686-unknown-linux-gnu/bin/../libexec/gcc/i686-unknown-linux-gnu/6.5.0/:/opt/neuromeka/NRMKPlatformPC2/bin/i686-unknown-linux-gnu/bin/../libexec/gcc/:/opt/neuromeka/NRMKPlatformPC2/bin/i686-unknown-linux-gnu/bin/../lib/gcc/i686-unknown-linux-gnu/6.5.0/../../../../i686-unknown-linux-gnu/bin/]
  ignore line: [LIBRARY_PATH=/opt/neuromeka/NRMKPlatformPC2/bin/i686-unknown-linux-gnu/bin/../lib/gcc/i686-unknown-linux-gnu/6.5.0/:/opt/neuromeka/NRMKPlatformPC2/bin/i686-unknown-linux-gnu/bin/../lib/gcc/:/opt/neuromeka/NRMKPlatformPC2/bin/i686-unknown-linux-gnu/bin/../lib/gcc/i686-unknown-linux-gnu/6.5.0/../../../../i686-unknown-linux-gnu/lib/:/opt/neuromeka/NRMKPlatformPC2/bin/i686-unknown-linux-gnu/bin/../i686-unknown-linux-gnu/sysroot/lib/:/opt/neuromeka/NRMKPlatformPC2/bin/i686-unknown-linux-gnu/bin/../i686-unknown-linux-gnu/sysroot/usr/lib/]
  ignore line: [COLLECT_GCC_OPTIONS='-v' '-o' 'CMakeFiles/cmTC_15b91.dir/CMakeCXXCompilerABI.cpp.o' '-c' '-shared-libgcc' '-mtune=generic' '-march=i686']
  ignore line: [Linking CXX executable cmTC_15b91]
  ignore line: [/usr/bin/cmake -E cmake_link_script CMakeFiles/cmTC_15b91.dir/link.txt --verbose=1]
  ignore line: [/opt/neuromeka/NRMKPlatformPC2/bin/i686-unknown-linux-gnu/bin/i686-unknown-linux-gnu-g++      -v -rdynamic CMakeFiles/cmTC_15b91.dir/CMakeCXXCompilerABI.cpp.o  -o cmTC_15b91 ]
  ignore line: [Using built-in specs.]
  ignore line: [COLLECT_GCC=/opt/neuromeka/NRMKPlatformPC2/bin/i686-unknown-linux-gnu/bin/i686-unknown-linux-gnu-g++]
  ignore line: [COLLECT_LTO_WRAPPER=/opt/neuromeka/NRMKPlatformPC2/bin/i686-unknown-linux-gnu/bin/../libexec/gcc/i686-unknown-linux-gnu/6.5.0/lto-wrapper]
  ignore line: [Target: i686-unknown-linux-gnu]
  ignore line: [Configured with: /home/oliver/workspace/build_gcc6.5/.build/i686-unknown-linux-gnu/src/gcc/configure --build=x86_64-build_pc-linux-gnu --host=x86_64-build_pc-linux-gnu --target=i686-unknown-linux-gnu --prefix=/home/oliver/x-tools/i686-unknown-linux-gnu --with-sysroot=/home/oliver/x-tools/i686-unknown-linux-gnu/i686-unknown-linux-gnu/sysroot --enable-languages=c c++ --with-arch=i686 --with-pkgversion='crosstool-NG 1.23.0.586-0a5107d' --enable-__cxa_atexit --disable-libmudflap --disable-libgomp --disable-libssp --disable-libquadmath --disable-libquadmath-support --disable-libsanitizer --enable-libmpx --with-gmp=/home/oliver/workspace/build_gcc6.5/.build/i686-unknown-linux-gnu/buildtools --with-mpfr=/home/oliver/workspace/build_gcc6.5/.build/i686-unknown-linux-gnu/buildtools --with-mpc=/home/oliver/workspace/build_gcc6.5/.build/i686-unknown-linux-gnu/buildtools --with-isl=/home/oliver/workspace/build_gcc6.5/.build/i686-unknown-linux-gnu/buildtools --enable-lto --with-host-libstdcxx='-static-libgcc -Wl -Bstatic -lstdc++ -Bdynamic -lm' --enable-threads=posix --enable-target-optspace --disable-plugin --disable-nls --disable-multilib --with-local-prefix=/home/oliver/x-tools/i686-unknown-linux-gnu/i686-unknown-linux-gnu/sysroot --enable-long-long]
  ignore line: [Thread model: posix]
  ignore line: [gcc version 6.5.0 (crosstool-NG 1.23.0.586-0a5107d) ]
  ignore line: [COMPILER_PATH=/opt/neuromeka/NRMKPlatformPC2/bin/i686-unknown-linux-gnu/bin/../libexec/gcc/i686-unknown-linux-gnu/6.5.0/:/opt/neuromeka/NRMKPlatformPC2/bin/i686-unknown-linux-gnu/bin/../libexec/gcc/:/opt/neuromeka/NRMKPlatformPC2/bin/i686-unknown-linux-gnu/bin/../lib/gcc/i686-unknown-linux-gnu/6.5.0/../../../../i686-unknown-linux-gnu/bin/]
  ignore line: [LIBRARY_PATH=/opt/neuromeka/NRMKPlatformPC2/bin/i686-unknown-linux-gnu/bin/../lib/gcc/i686-unknown-linux-gnu/6.5.0/:/opt/neuromeka/NRMKPlatformPC2/bin/i686-unknown-linux-gnu/bin/../lib/gcc/:/opt/neuromeka/NRMKPlatformPC2/bin/i686-unknown-linux-gnu/bin/../lib/gcc/i686-unknown-linux-gnu/6.5.0/../../../../i686-unknown-linux-gnu/lib/:/opt/neuromeka/NRMKPlatformPC2/bin/i686-unknown-linux-gnu/bin/../i686-unknown-linux-gnu/sysroot/lib/:/opt/neuromeka/NRMKPlatformPC2/bin/i686-unknown-linux-gnu/bin/../i686-unknown-linux-gnu/sysroot/usr/lib/]
  ignore line: [COLLECT_GCC_OPTIONS='-v' '-rdynamic' '-o' 'cmTC_15b91' '-shared-libgcc' '-mtune=generic' '-march=i686']
  link line: [ /opt/neuromeka/NRMKPlatformPC2/bin/i686-unknown-linux-gnu/bin/../libexec/gcc/i686-unknown-linux-gnu/6.5.0/collect2 -plugin /opt/neuromeka/NRMKPlatformPC2/bin/i686-unknown-linux-gnu/bin/../libexec/gcc/i686-unknown-linux-gnu/6.5.0/liblto_plugin.so -plugin-opt=/opt/neuromeka/NRMKPlatformPC2/bin/i686-unknown-linux-gnu/bin/../libexec/gcc/i686-unknown-linux-gnu/6.5.0/lto-wrapper -plugin-opt=-fresolution=/tmp/ccFTMxKX.res -plugin-opt=-pass-through=-lgcc_s -plugin-opt=-pass-through=-lgcc -plugin-opt=-pass-through=-lc -plugin-opt=-pass-through=-lgcc_s -plugin-opt=-pass-through=-lgcc --sysroot=/opt/neuromeka/NRMKPlatformPC2/bin/i686-unknown-linux-gnu/bin/../i686-unknown-linux-gnu/sysroot --eh-frame-hdr -m elf_i386 -export-dynamic -dynamic-linker /lib/ld-linux.so.2 -o cmTC_15b91 /opt/neuromeka/NRMKPlatformPC2/bin/i686-unknown-linux-gnu/bin/../i686-unknown-linux-gnu/sysroot/usr/lib/crt1.o /opt/neuromeka/NRMKPlatformPC2/bin/i686-unknown-linux-gnu/bin/../i686-unknown-linux-gnu/sysroot/usr/lib/crti.o /opt/neuromeka/NRMKPlatformPC2/bin/i686-unknown-linux-gnu/bin/../lib/gcc/i686-unknown-linux-gnu/6.5.0/crtbegin.o -L/opt/neuromeka/NRMKPlatformPC2/bin/i686-unknown-linux-gnu/bin/../lib/gcc/i686-unknown-linux-gnu/6.5.0 -L/opt/neuromeka/NRMKPlatformPC2/bin/i686-unknown-linux-gnu/bin/../lib/gcc -L/opt/neuromeka/NRMKPlatformPC2/bin/i686-unknown-linux-gnu/bin/../lib/gcc/i686-unknown-linux-gnu/6.5.0/../../../../i686-unknown-linux-gnu/lib -L/opt/neuromeka/NRMKPlatformPC2/bin/i686-unknown-linux-gnu/bin/../i686-unknown-linux-gnu/sysroot/lib -L/opt/neuromeka/NRMKPlatformPC2/bin/i686-unknown-linux-gnu/bin/../i686-unknown-linux-gnu/sysroot/usr/lib CMakeFiles/cmTC_15b91.dir/CMakeCXXCompilerABI.cpp.o -lstdc++ -lm -lgcc_s -lgcc -lc -lgcc_s -lgcc /opt/neuromeka/NRMKPlatformPC2/bin/i686-unknown-linux-gnu/bin/../lib/gcc/i686-unknown-linux-gnu/6.5.0/crtend.o /opt/neuromeka/NRMKPlatformPC2/bin/i686-unknown-linux-gnu/bin/../i686-unknown-linux-gnu/sysroot/usr/lib/crtn.o]
    arg [/opt/neuromeka/NRMKPlatformPC2/bin/i686-unknown-linux-gnu/bin/../libexec/gcc/i686-unknown-linux-gnu/6.5.0/collect2] ==> ignore
    arg [-plugin] ==> ignore
    arg [/opt/neuromeka/NRMKPlatformPC2/bin/i686-unknown-linux-gnu/bin/../libexec/gcc/i686-unknown-linux-gnu/6.5.0/liblto_plugin.so] ==> ignore
    arg [-plugin-opt=/opt/neuromeka/NRMKPlatformPC2/bin/i686-unknown-linux-gnu/bin/../libexec/gcc/i686-unknown-linux-gnu/6.5.0/lto-wrapper] ==> ignore
    arg [-plugin-opt=-fresolution=/tmp/ccFTMxKX.res] ==> ignore
    arg [-plugin-opt=-pass-through=-lgcc_s] ==> ignore
    arg [-plugin-opt=-pass-through=-lgcc] ==> ignore
    arg [-plugin-opt=-pass-through=-lc] ==> ignore
    arg [-plugin-opt=-pass-through=-lgcc_s] ==> ignore
    arg [-plugin-opt=-pass-through=-lgcc] ==> ignore
    arg [--sysroot=/opt/neuromeka/NRMKPlatformPC2/bin/i686-unknown-linux-gnu/bin/../i686-unknown-linux-gnu/sysroot] ==> ignore
    arg [--eh-frame-hdr] ==> ignore
    arg [-m] ==> ignore
    arg [elf_i386] ==> ignore
    arg [-export-dynamic] ==> ignore
    arg [-dynamic-linker] ==> ignore
    arg [/lib/ld-linux.so.2] ==> ignore
    arg [-o] ==> ignore
    arg [cmTC_15b91] ==> ignore
    arg [/opt/neuromeka/NRMKPlatformPC2/bin/i686-unknown-linux-gnu/bin/../i686-unknown-linux-gnu/sysroot/usr/lib/crt1.o] ==> ignore
    arg [/opt/neuromeka/NRMKPlatformPC2/bin/i686-unknown-linux-gnu/bin/../i686-unknown-linux-gnu/sysroot/usr/lib/crti.o] ==> ignore
    arg [/opt/neuromeka/NRMKPlatformPC2/bin/i686-unknown-linux-gnu/bin/../lib/gcc/i686-unknown-linux-gnu/6.5.0/crtbegin.o] ==> ignore
    arg [-L/opt/neuromeka/NRMKPlatformPC2/bin/i686-unknown-linux-gnu/bin/../lib/gcc/i686-unknown-linux-gnu/6.5.0] ==> dir [/opt/neuromeka/NRMKPlatformPC2/bin/i686-unknown-linux-gnu/bin/../lib/gcc/i686-unknown-linux-gnu/6.5.0]
    arg [-L/opt/neuromeka/NRMKPlatformPC2/bin/i686-unknown-linux-gnu/bin/../lib/gcc] ==> dir [/opt/neuromeka/NRMKPlatformPC2/bin/i686-unknown-linux-gnu/bin/../lib/gcc]
    arg [-L/opt/neuromeka/NRMKPlatformPC2/bin/i686-unknown-linux-gnu/bin/../lib/gcc/i686-unknown-linux-gnu/6.5.0/../../../../i686-unknown-linux-gnu/lib] ==> dir [/opt/neuromeka/NRMKPlatformPC2/bin/i686-unknown-linux-gnu/bin/../lib/gcc/i686-unknown-linux-gnu/6.5.0/../../../../i686-unknown-linux-gnu/lib]
    arg [-L/opt/neuromeka/NRMKPlatformPC2/bin/i686-unknown-linux-gnu/bin/../i686-unknown-linux-gnu/sysroot/lib] ==> dir [/opt/neuromeka/NRMKPlatformPC2/bin/i686-unknown-linux-gnu/bin/../i686-unknown-linux-gnu/sysroot/lib]
    arg [-L/opt/neuromeka/NRMKPlatformPC2/bin/i686-unknown-linux-gnu/bin/../i686-unknown-linux-gnu/sysroot/usr/lib] ==> dir [/opt/neuromeka/NRMKPlatformPC2/bin/i686-unknown-linux-gnu/bin/../i686-unknown-linux-gnu/sysroot/usr/lib]
    arg [CMakeFiles/cmTC_15b91.dir/CMakeCXXCompilerABI.cpp.o] ==> ignore
    arg [-lstdc++] ==> lib [stdc++]
    arg [-lm] ==> lib [m]
    arg [-lgcc_s] ==> lib [gcc_s]
    arg [-lgcc] ==> lib [gcc]
    arg [-lc] ==> lib [c]
    arg [-lgcc_s] ==> lib [gcc_s]
    arg [-lgcc] ==> lib [gcc]
    arg [/opt/neuromeka/NRMKPlatformPC2/bin/i686-unknown-linux-gnu/bin/../lib/gcc/i686-unknown-linux-gnu/6.5.0/crtend.o] ==> ignore
    arg [/opt/neuromeka/NRMKPlatformPC2/bin/i686-unknown-linux-gnu/bin/../i686-unknown-linux-gnu/sysroot/usr/lib/crtn.o] ==> ignore
  collapse library dir [/opt/neuromeka/NRMKPlatformPC2/bin/i686-unknown-linux-gnu/bin/../lib/gcc/i686-unknown-linux-gnu/6.5.0] ==> [/opt/neuromeka/NRMKPlatformPC2/bin/i686-unknown-linux-gnu/lib/gcc/i686-unknown-linux-gnu/6.5.0]
  collapse library dir [/opt/neuromeka/NRMKPlatformPC2/bin/i686-unknown-linux-gnu/bin/../lib/gcc] ==> [/opt/neuromeka/NRMKPlatformPC2/bin/i686-unknown-linux-gnu/lib/gcc]
  collapse library dir [/opt/neuromeka/NRMKPlatformPC2/bin/i686-unknown-linux-gnu/bin/../lib/gcc/i686-unknown-linux-gnu/6.5.0/../../../../i686-unknown-linux-gnu/lib] ==> [/opt/neuromeka/NRMKPlatformPC2/bin/i686-unknown-linux-gnu/i686-unknown-linux-gnu/lib]
  collapse library dir [/opt/neuromeka/NRMKPlatformPC2/bin/i686-unknown-linux-gnu/bin/../i686-unknown-linux-gnu/sysroot/lib] ==> [/opt/neuromeka/NRMKPlatformPC2/bin/i686-unknown-linux-gnu/i686-unknown-linux-gnu/sysroot/lib]
  collapse library dir [/opt/neuromeka/NRMKPlatformPC2/bin/i686-unknown-linux-gnu/bin/../i686-unknown-linux-gnu/sysroot/usr/lib] ==> [/opt/neuromeka/NRMKPlatformPC2/bin/i686-unknown-linux-gnu/i686-unknown-linux-gnu/sysroot/usr/lib]
  implicit libs: [stdc++;m;gcc_s;gcc;c;gcc_s;gcc]
  implicit dirs: [/opt/neuromeka/NRMKPlatformPC2/bin/i686-unknown-linux-gnu/lib/gcc/i686-unknown-linux-gnu/6.5.0;/opt/neuromeka/NRMKPlatformPC2/bin/i686-unknown-linux-gnu/lib/gcc;/opt/neuromeka/NRMKPlatformPC2/bin/i686-unknown-linux-gnu/i686-unknown-linux-gnu/lib;/opt/neuromeka/NRMKPlatformPC2/bin/i686-unknown-linux-gnu/i686-unknown-linux-gnu/sysroot/lib;/opt/neuromeka/NRMKPlatformPC2/bin/i686-unknown-linux-gnu/i686-unknown-linux-gnu/sysroot/usr/lib]
  implicit fwks: []


